# JRE version: OpenJDK Runtime Environment (8.0_292-b10) (build 1.8.0_292-b10)
# Java VM: OpenJDK 64-Bit Server VM (25.292-b10 mixed mode windows-amd64 compressed oops)
Heap:
 PSYoungGen      total 679936K, used 131864K [0x00000000d5580000, 0x00000000fff00000, 0x0000000100000000)
  eden space 662016K, 19% used [0x00000000d5580000,0x00000000dd646348,0x00000000fdc00000)
  from space 17920K, 0% used [0x00000000fed80000,0x00000000fed80000,0x00000000fff00000)
  to   space 17920K, 0% used [0x00000000fdc00000,0x00000000fdc00000,0x00000000fed80000)
 ParOldGen       total 146432K, used 38800K [0x0000000080000000, 0x0000000088f00000, 0x00000000d5580000)
  object space 146432K, 26% used [0x0000000080000000,0x00000000825e4130,0x0000000088f00000)
 Metaspace       used 64102K, capacity 66802K, committed 67072K, reserved 1107968K
  class space    used 8514K, capacity 9132K, committed 9216K, reserved 1048576K
GC Heap History (10 events):
Event: 20.482 GC heap before
{Heap before GC invocations=21 (full 2):
 PSYoungGen      total 679424K, used 663705K [0x00000000d5580000, 0x0000000100000000, 0x0000000100000000)
  eden space 658944K, 100% used [0x00000000d5580000,0x00000000fd900000,0x00000000fd900000)
  from space 20480K, 23% used [0x00000000fec00000,0x00000000ff0a6708,0x0000000100000000)
  to   space 19456K, 0% used [0x00000000fd900000,0x00000000fd900000,0x00000000fec00000)
 ParOldGen       total 146432K, used 39852K [0x0000000080000000, 0x0000000088f00000, 0x00000000d5580000)
  object space 146432K, 27% used [0x0000000080000000,0x00000000826eb1e0,0x0000000088f00000)
 Metaspace       used 49749K, capacity 52054K, committed 52224K, reserved 1093632K
  class space    used 6684K, capacity 7142K, committed 7168K, reserved 1048576K
Event: 20.485 GC heap after
Heap after GC invocations=21 (full 2):
 PSYoungGen      total 663552K, used 4376K [0x00000000d5580000, 0x00000000ffe00000, 0x0000000100000000)
  eden space 658944K, 0% used [0x00000000d5580000,0x00000000d5580000,0x00000000fd900000)
  from space 4608K, 94% used [0x00000000fd900000,0x00000000fdd46310,0x00000000fdd80000)
  to   space 18944K, 0% used [0x00000000feb80000,0x00000000feb80000,0x00000000ffe00000)
 ParOldGen       total 146432K, used 41956K [0x0000000080000000, 0x0000000088f00000, 0x00000000d5580000)
  object space 146432K, 28% used [0x0000000080000000,0x00000000828f92a0,0x0000000088f00000)
 Metaspace       used 49749K, capacity 52054K, committed 52224K, reserved 1093632K
  class space    used 6684K, capacity 7142K, committed 7168K, reserved 1048576K
}
Event: 20.713 GC heap before
{Heap before GC invocations=22 (full 2):
 PSYoungGen      total 663552K, used 663320K [0x00000000d5580000, 0x00000000ffe00000, 0x0000000100000000)
  eden space 658944K, 100% used [0x00000000d5580000,0x00000000fd900000,0x00000000fd900000)
  from space 4608K, 94% used [0x00000000fd900000,0x00000000fdd46310,0x00000000fdd80000)
  to   space 18944K, 0% used [0x00000000feb80000,0x00000000feb80000,0x00000000ffe00000)
 ParOldGen       total 146432K, used 41960K [0x0000000080000000, 0x0000000088f00000, 0x00000000d5580000)
  object space 146432K, 28% used [0x0000000080000000,0x00000000828fa148,0x0000000088f00000)
 Metaspace       used 49750K, capacity 52054K, committed 52224K, reserved 1093632K
  class space    used 6684K, capacity 7142K, committed 7168K, reserved 1048576K
Event: 20.718 GC heap after
Heap after GC invocations=22 (full 2):
 PSYoungGen      total 678400K, used 9296K [0x00000000d5580000, 0x0000000100000000, 0x0000000100000000)
  eden space 659456K, 0% used [0x00000000d5580000,0x00000000d5580000,0x00000000fd980000)
  from space 18944K, 49% used [0x00000000feb80000,0x00000000ff494230,0x00000000ffe00000)
  to   space 18432K, 0% used [0x00000000fd980000,0x00000000fd980000,0x00000000feb80000)
 ParOldGen       total 146432K, used 43456K [0x0000000080000000, 0x0000000088f00000, 0x00000000d5580000)
  object space 146432K, 29% used [0x0000000080000000,0x0000000082a70198,0x0000000088f00000)
 Metaspace       used 49750K, capacity 52054K, committed 52224K, reserved 1093632K
  class space    used 6684K, capacity 7142K, committed 7168K, reserved 1048576K
}
Event: 22.105 GC heap before
{Heap before GC invocations=23 (full 2):
 PSYoungGen      total 678400K, used 668752K [0x00000000d5580000, 0x0000000100000000, 0x0000000100000000)
  eden space 659456K, 100% used [0x00000000d5580000,0x00000000fd980000,0x00000000fd980000)
  from space 18944K, 49% used [0x00000000feb80000,0x00000000ff494230,0x00000000ffe00000)
  to   space 18432K, 0% used [0x00000000fd980000,0x00000000fd980000,0x00000000feb80000)
 ParOldGen       total 146432K, used 43483K [0x0000000080000000, 0x0000000088f00000, 0x00000000d5580000)
  object space 146432K, 29% used [0x0000000080000000,0x0000000082a76c78,0x0000000088f00000)
 Metaspace       used 49781K, capacity 52118K, committed 52224K, reserved 1093632K
  class space    used 6684K, capacity 7142K, committed 7168K, reserved 1048576K
Event: 22.108 GC heap after
Heap after GC invocations=23 (full 2):
 PSYoungGen      total 677888K, used 1472K [0x00000000d5580000, 0x00000000fff80000, 0x0000000100000000)
  eden space 659456K, 0% used [0x00000000d5580000,0x00000000d5580000,0x00000000fd980000)
  from space 18432K, 7% used [0x00000000fd980000,0x00000000fdaf0010,0x00000000feb80000)
  to   space 18432K, 0% used [0x00000000fed80000,0x00000000fed80000,0x00000000fff80000)
 ParOldGen       total 146432K, used 44247K [0x0000000080000000, 0x0000000088f00000, 0x00000000d5580000)
  object space 146432K, 30% used [0x0000000080000000,0x0000000082b35d58,0x0000000088f00000)
 Metaspace       used 49781K, capacity 52118K, committed 52224K, reserved 1093632K
  class space    used 6684K, capacity 7142K, committed 7168K, reserved 1048576K
}
Event: 23.604 GC heap before
{Heap before GC invocations=24 (full 2):
 PSYoungGen      total 677888K, used 359419K [0x00000000d5580000, 0x00000000fff80000, 0x0000000100000000)
  eden space 659456K, 54% used [0x00000000d5580000,0x00000000eb30edd8,0x00000000fd980000)
  from space 18432K, 7% used [0x00000000fd980000,0x00000000fdaf0010,0x00000000feb80000)
  to   space 18432K, 0% used [0x00000000fed80000,0x00000000fed80000,0x00000000fff80000)
 ParOldGen       total 146432K, used 44247K [0x0000000080000000, 0x0000000088f00000, 0x00000000d5580000)
  object space 146432K, 30% used [0x0000000080000000,0x0000000082b35d58,0x0000000088f00000)
 Metaspace       used 56578K, capacity 59108K, committed 59160K, reserved 1099776K
  class space    used 7531K, capacity 8053K, committed 8064K, reserved 1048576K
Event: 23.611 GC heap after
Heap after GC invocations=24 (full 2):
 PSYoungGen      total 679936K, used 8713K [0x00000000d5580000, 0x00000000fff00000, 0x0000000100000000)
  eden space 662016K, 0% used [0x00000000d5580000,0x00000000d5580000,0x00000000fdc00000)
  from space 17920K, 48% used [0x00000000fed80000,0x00000000ff602678,0x00000000fff00000)
  to   space 17920K, 0% used [0x00000000fdc00000,0x00000000fdc00000,0x00000000fed80000)
 ParOldGen       total 146432K, used 44988K [0x0000000080000000, 0x0000000088f00000, 0x00000000d5580000)
  object space 146432K, 30% used [0x0000000080000000,0x0000000082bef0a8,0x0000000088f00000)
 Metaspace       used 56578K, capacity 59108K, committed 59160K, reserved 1099776K
  class space    used 7531K, capacity 8053K, committed 8064K, reserved 1048576K
}
Event: 23.611 GC heap before
{Heap before GC invocations=25 (full 3):
 PSYoungGen      total 679936K, used 8713K [0x00000000d5580000, 0x00000000fff00000, 0x0000000100000000)
  eden space 662016K, 0% used [0x00000000d5580000,0x00000000d5580000,0x00000000fdc00000)
  from space 17920K, 48% used [0x00000000fed80000,0x00000000ff602678,0x00000000fff00000)
  to   space 17920K, 0% used [0x00000000fdc00000,0x00000000fdc00000,0x00000000fed80000)
 ParOldGen       total 146432K, used 44988K [0x0000000080000000, 0x0000000088f00000, 0x00000000d5580000)
  object space 146432K, 30% used [0x0000000080000000,0x0000000082bef0a8,0x0000000088f00000)
 Metaspace       used 56578K, capacity 59108K, committed 59160K, reserved 1099776K
  class space    used 7531K, capacity 8053K, committed 8064K, reserved 1048576K
Event: 23.761 GC heap after
Heap after GC invocations=25 (full 3):
 PSYoungGen      total 679936K, used 0K [0x00000000d5580000, 0x00000000fff00000, 0x0000000100000000)
  eden space 662016K, 0% used [0x00000000d5580000,0x00000000d5580000,0x00000000fdc00000)
  from space 17920K, 0% used [0x00000000fed80000,0x00000000fed80000,0x00000000fff00000)
  to   space 17920K, 0% used [0x00000000fdc00000,0x00000000fdc00000,0x00000000fed80000)
 ParOldGen       total 146432K, used 38800K [0x0000000080000000, 0x0000000088f00000, 0x00000000d5580000)
  object space 146432K, 26% used [0x0000000080000000,0x00000000825e4130,0x0000000088f00000)
 Metaspace       used 56365K, capacity 58560K, committed 59160K, reserved 1099776K
  class space    used 7467K, capacity 7950K, committed 8064K, reserved 1048576K
}

